<?xml version="1.0" encoding="UTF-8"?>
<!-- Generated by org.testng.reporters.JUnitReportReporter -->
<testsuite ignored="0" hostname="DESKTOP-9HB5M8C" failures="0" tests="2" name="com.sita.testcases.Create_supervisor_fhe" time="20.332" errors="0" timestamp="20 Dec 2021 09:29:12 GMT" skipped="0">
  <testcase classname="com.sita.testcases.Create_supervisor_fhe" name="click_on_AddUsers" time="18.446"/>
  <testcase classname="com.sita.testcases.Create_supervisor_fhe" name="loginApp" time="1.886"/>
</testsuite> <!-- com.sita.testcases.Create_supervisor_fhe -->
