<?xml version="1.0" encoding="UTF-8"?>
<!-- Generated by org.testng.reporters.JUnitReportReporter -->
<testsuite ignored="0" hostname="DESKTOP-9HB5M8C" failures="0" tests="6" name="com.sita.testcases.login_assign_FHE_deligate" time="32.502" errors="0" timestamp="18 Nov 2021 05:49:32 GMT" skipped="0">
  <testcase classname="com.sita.testcases.login_assign_FHE_deligate" name="City" time="11.246"/>
  <testcase classname="com.sita.testcases.login_assign_FHE_deligate" name="BookingCentre" time="5.904"/>
  <testcase classname="com.sita.testcases.login_assign_FHE_deligate" name="loginFHE" time="1.858"/>
  <testcase classname="com.sita.testcases.login_assign_FHE_deligate" name="move_to_city" time="0.062"/>
  <testcase classname="com.sita.testcases.login_assign_FHE_deligate" name="AO_BO" time="1.982"/>
  <testcase classname="com.sita.testcases.login_assign_FHE_deligate" name="ArrowButtonofFHE" time="11.450"/>
</testsuite> <!-- com.sita.testcases.login_assign_FHE_deligate -->
