<?xml version="1.0" encoding="UTF-8"?>
<!-- Generated by org.testng.reporters.JUnitReportReporter -->
<testsuite ignored="0" hostname="DESKTOP-9HB5M8C" failures="0" tests="3" name="com.sita.testcases.LoginSita" time="15.543" errors="0" timestamp="21 Sep 2021 12:01:39 GMT" skipped="0">
  <testcase classname="com.sita.testcases.LoginSita" name="ArrowButton" time="10.053"/>
  <testcase classname="com.sita.testcases.LoginSita" name="ConfirmButton" time="4.368"/>
  <testcase classname="com.sita.testcases.LoginSita" name="loginApp" time="1.122"/>
</testsuite> <!-- com.sita.testcases.LoginSita -->
