<?xml version="1.0" encoding="UTF-8"?>
<!-- Generated by org.testng.reporters.JUnitReportReporter -->
<testsuite ignored="0" hostname="DESKTOP-9HB5M8C" failures="0" tests="5" name="com.sita.utility.ExcelDataProvider1" time="0.034" errors="0" timestamp="16 Dec 2021 08:13:01 GMT" skipped="0">
  <testcase classname="com.sita.utility.ExcelDataProvider1" name="customer_details" time="0.020"/>
  <testcase classname="com.sita.utility.ExcelDataProvider1" name="customer_details" time="0.004"/>
  <testcase classname="com.sita.utility.ExcelDataProvider1" name="customer_details" time="0.003"/>
  <testcase classname="com.sita.utility.ExcelDataProvider1" name="customer_details" time="0.004"/>
  <testcase classname="com.sita.utility.ExcelDataProvider1" name="customer_details" time="0.003"/>
</testsuite> <!-- com.sita.utility.ExcelDataProvider1 -->
