<?xml version="1.0" encoding="UTF-8"?>
<!-- Generated by org.testng.reporters.JUnitReportReporter -->
<testsuite ignored="0" hostname="DESKTOP-9HB5M8C" failures="0" tests="1" name="com.sita.testcases.Deactivate_user" time="0.385" errors="0" timestamp="30 Dec 2021 10:52:11 GMT" skipped="0">
  <testcase classname="com.sita.testcases.Deactivate_user" name="deactivate_user" time="0.385"/>
</testsuite> <!-- com.sita.testcases.Deactivate_user -->
