<?xml version="1.0" encoding="UTF-8"?>
<!-- Generated by org.testng.reporters.JUnitReportReporter -->
<testsuite ignored="0" hostname="DESKTOP-9HB5M8C" failures="0" tests="2" name="com.sita.testcases.Inventory_Topup" time="27.349" errors="0" timestamp="28 Jan 2022 06:53:35 GMT" skipped="0">
  <testcase classname="com.sita.testcases.Inventory_Topup" name="loginApp" time="11.352"/>
  <testcase classname="com.sita.testcases.Inventory_Topup" name="navigate_to_homepage_click_on_Hotel_ArrowButton" time="15.997"/>
</testsuite> <!-- com.sita.testcases.Inventory_Topup -->
