<?xml version="1.0" encoding="UTF-8"?>
<!-- Generated by org.testng.reporters.JUnitReportReporter -->
<testsuite ignored="0" hostname="DESKTOP-9HB5M8C" failures="0" tests="3" name="com.sita.testcases.deligation_of_amenities_to_Z_Mumbai" time="58.901" errors="0" timestamp="14 Feb 2022 08:54:06 GMT" skipped="0">
  <testcase classname="com.sita.testcases.deligation_of_amenities_to_Z_Mumbai" name="loginFHE_and_assigning_amenities_to_branches" time="16.840"/>
  <testcase classname="com.sita.testcases.deligation_of_amenities_to_Z_Mumbai" name="login_as_supervisor_and_assigning_fhe" time="14.142"/>
  <testcase classname="com.sita.testcases.deligation_of_amenities_to_Z_Mumbai" name="login_as_Z_Mumbai_andZ_Puri_accepting_all_requested_amenities" time="27.919"/>
</testsuite> <!-- com.sita.testcases.deligation_of_amenities_to_Z_Mumbai -->
