<?xml version="1.0" encoding="UTF-8"?>
<!-- Generated by org.testng.reporters.JUnitReportReporter -->
<testsuite ignored="1" hostname="DESKTOP-9HB5M8C" failures="0" tests="3" name="com.sita.testcases.Hotel_booking" time="132.204" errors="0" timestamp="25 Apr 2022 08:20:36 GMT" skipped="0">
  <testcase classname="com.sita.testcases.Hotel_booking" name="fhe_distribution" time="26.905"/>
  <testcase classname="com.sita.testcases.Hotel_booking" name="supplier_login" time="85.134"/>
  <testcase classname="com.sita.testcases.Hotel_booking" name="supervisor_login_and_assigning_fhe" time="20.165"/>
  <testcase classname="com.sita.testcases.deligation_of_amenities_to_BO" name="supervisor_login_and_assigning_fhe">
    <skipped/>
  </testcase> <!-- supervisor_login_and_assigning_fhe -->
</testsuite> <!-- com.sita.testcases.Hotel_booking -->
