<?xml version="1.0" encoding="UTF-8"?>
<!-- Generated by org.testng.reporters.JUnitReportReporter -->
<testsuite ignored="0" hostname="DESKTOP-9HB5M8C" failures="0" tests="6" name="com.sita.testcases.Create_fhes" time="90.784" errors="0" timestamp="11 Jan 2022 13:52:27 GMT" skipped="0">
  <testcase classname="com.sita.testcases.Create_fhes" name="customer_details" time="13.834"/>
  <testcase classname="com.sita.testcases.Create_fhes" name="customer_details" time="13.891"/>
  <testcase classname="com.sita.testcases.Create_fhes" name="customer_details" time="13.652"/>
  <testcase classname="com.sita.testcases.Create_fhes" name="Login_FHE" time="20.104"/>
  <testcase classname="com.sita.testcases.Create_fhes" name="customer_details" time="15.380"/>
  <testcase classname="com.sita.testcases.Create_fhes" name="customer_details" time="13.923"/>
</testsuite> <!-- com.sita.testcases.Create_fhes -->
