<?xml version="1.0" encoding="UTF-8"?>
<!-- Generated by org.testng.reporters.JUnitReportReporter -->
<testsuite ignored="0" hostname="DESKTOP-9HB5M8C" failures="0" tests="3" name="com.sita.testcases.deligation_of_amenities_to_BOs" time="78.192" errors="0" timestamp="25 Apr 2022 10:56:15 GMT" skipped="0">
  <testcase classname="com.sita.testcases.deligation_of_amenities_to_BOs" name="fhe_distribution" time="27.598"/>
  <testcase classname="com.sita.testcases.deligation_of_amenities_to_BOs" name="supervisor_login_and_assigning_fhe" time="19.389"/>
  <testcase classname="com.sita.testcases.deligation_of_amenities_to_BOs" name="Bo_amenities_list" time="31.205"/>
</testsuite> <!-- com.sita.testcases.deligation_of_amenities_to_BOs -->
