<?xml version="1.0" encoding="UTF-8"?>
<!-- Generated by org.testng.reporters.JUnitReportReporter -->
<testsuite ignored="0" hostname="DESKTOP-9HB5M8C" failures="0" tests="20" name="com.sita.testcases.deligation_of_amenities" time="84.889" errors="0" timestamp="24 Nov 2021 07:07:02 GMT" skipped="0">
  <testcase classname="com.sita.testcases.deligation_of_amenities" name="StatusBoxContent" time="0.397"/>
  <testcase classname="com.sita.testcases.deligation_of_amenities" name="ConfirmButton" time="4.217"/>
  <testcase classname="com.sita.testcases.deligation_of_amenities" name="AssignFHE" time="7.030"/>
  <testcase classname="com.sita.testcases.deligation_of_amenities" name="loginFHE" time="1.520"/>
  <testcase classname="com.sita.testcases.deligation_of_amenities" name="Logout_Superviser" time="5.082"/>
  <testcase classname="com.sita.testcases.deligation_of_amenities" name="Amenities" time="1.056"/>
  <testcase classname="com.sita.testcases.deligation_of_amenities" name="click_on_accecpt_all" time="2.010"/>
  <testcase classname="com.sita.testcases.deligation_of_amenities" name="loginApp" time="1.771"/>
  <testcase classname="com.sita.testcases.deligation_of_amenities" name="Select_Amenities_save_and_confirm" time="10.573"/>
  <testcase classname="com.sita.testcases.deligation_of_amenities" name="Click_on_BackButton1" time="2.378"/>
  <testcase classname="com.sita.testcases.deligation_of_amenities" name="click_Arrow_Button_BO_go_to_amenities_tab_lock_file" time="9.461"/>
  <testcase classname="com.sita.testcases.deligation_of_amenities" name="navigate_to_homepage_click_on_ArrowButton1" time="12.090"/>
  <testcase classname="com.sita.testcases.deligation_of_amenities" name="Amenities_List" time="2.138"/>
  <testcase classname="com.sita.testcases.deligation_of_amenities" name="Logout_FHE" time="5.501"/>
  <testcase classname="com.sita.testcases.deligation_of_amenities" name="Click_on_BackButton" time="1.018"/>
  <testcase classname="com.sita.testcases.deligation_of_amenities" name="Deligation" time="1.240"/>
  <testcase classname="com.sita.testcases.deligation_of_amenities" name="BookingCentre" time="2.822"/>
  <testcase classname="com.sita.testcases.deligation_of_amenities" name="click_on_accecpt_popup" time="5.971"/>
  <testcase classname="com.sita.testcases.deligation_of_amenities" name="login_as_BO" time="1.540"/>
  <testcase classname="com.sita.testcases.deligation_of_amenities" name="ArrowButtonofFHE" time="7.074"/>
</testsuite> <!-- com.sita.testcases.deligation_of_amenities -->
