<?xml version="1.0" encoding="UTF-8"?>
<!-- Generated by org.testng.reporters.JUnitReportReporter -->
<testsuite ignored="0" hostname="DESKTOP-9HB5M8C" failures="0" tests="16" name="com.sita.testcases.Deligating_Amenities" time="56.217" errors="0" timestamp="23 Nov 2021 05:42:43 GMT" skipped="0">
  <testcase classname="com.sita.testcases.Deligating_Amenities" name="ConfirmButton" time="2.328"/>
  <testcase classname="com.sita.testcases.Deligating_Amenities" name="navigate_to_homepage_click_on_ArrowButton1" time="12.750"/>
  <testcase classname="com.sita.testcases.Deligating_Amenities" name="loginFHE" time="1.165"/>
  <testcase classname="com.sita.testcases.Deligating_Amenities" name="Select_Amenities_and_confirm" time="4.748"/>
  <testcase classname="com.sita.testcases.Deligating_Amenities" name="login_as_BO" time="6.062"/>
  <testcase classname="com.sita.testcases.Deligating_Amenities" name="loginApp" time="6.476"/>
  <testcase classname="com.sita.testcases.Deligating_Amenities" name="ArrowButtonofFHE" time="5.899"/>
  <testcase classname="com.sita.testcases.Deligating_Amenities" name="Logout_FHE" time="2.422"/>
  <testcase classname="com.sita.testcases.Deligating_Amenities" name="Logout_Superviser" time="3.013"/>
  <testcase classname="com.sita.testcases.Deligating_Amenities" name="AssigntoFHE" time="3.260"/>
  <testcase classname="com.sita.testcases.Deligating_Amenities" name="Amenities_List" time="1.201"/>
  <testcase classname="com.sita.testcases.Deligating_Amenities" name="Click_on_BackButton" time="1.766"/>
  <testcase classname="com.sita.testcases.Deligating_Amenities" name="Amenities" time="0.903"/>
  <testcase classname="com.sita.testcases.Deligating_Amenities" name="Deligation" time="1.058"/>
  <testcase classname="com.sita.testcases.Deligating_Amenities" name="BookingCentre" time="1.850"/>
  <testcase classname="com.sita.testcases.Deligating_Amenities" name="Click_on_BackButton1" time="1.316"/>
</testsuite> <!-- com.sita.testcases.Deligating_Amenities -->
