<?xml version="1.0" encoding="UTF-8"?>
<!-- Generated by org.testng.reporters.JUnitReportReporter -->
<testsuite ignored="0" hostname="DESKTOP-9HB5M8C" failures="0" tests="1" name="com.sita.testcases.Activities" time="16.568" errors="0" timestamp="18 Apr 2022 07:51:03 GMT" skipped="0">
  <testcase classname="com.sita.testcases.Activities" name="fhe_distribution" time="16.568"/>
</testsuite> <!-- com.sita.testcases.Activities -->
