<?xml version="1.0" encoding="UTF-8"?>
<!-- Generated by org.testng.reporters.JUnitReportReporter -->
<testsuite ignored="0" hostname="DESKTOP-9HB5M8C" failures="0" tests="5" name="com.sita.utility.CreateUser" time="0.057" errors="0" timestamp="16 Dec 2021 09:29:45 GMT" skipped="0">
  <testcase classname="com.sita.utility.CreateUser" name="customer_details" time="0.013"/>
  <testcase classname="com.sita.utility.CreateUser" name="customer_details" time="0.003"/>
  <testcase classname="com.sita.utility.CreateUser" name="customer_details" time="0.007"/>
  <testcase classname="com.sita.utility.CreateUser" name="customer_details" time="0.030"/>
  <testcase classname="com.sita.utility.CreateUser" name="customer_details" time="0.004"/>
</testsuite> <!-- com.sita.utility.CreateUser -->
